GROUP,PACKAGE,CLASS,INSTRUCTION_MISSED,INSTRUCTION_COVERED,BRANCH_MISSED,BRANCH_COVERED,LINE_MISSED,LINE_COVERED,COMPLEXITY_MISSED,COMPLEXITY_COVERED,METHOD_MISSED,METHOD_COVERED
SistemaReservaVoo,org.sistema.reserva.voo,Main,185,0,9,0,53,0,10,0,4,0
SistemaReservaVoo,org.sistema.reserva.voo.implementation,Voo,299,128,58,6,4,29,42,15,12,13
SistemaReservaVoo,org.sistema.reserva.voo.implementation,Sistema,90,17,18,0,6,6,15,3,6,3
SistemaReservaVoo,org.sistema.reserva.voo.implementation,Cliente,172,207,37,19,4,53,31,14,10,7
